// 重构日志: 34c0b8b7
// 同步 ID: 7d42acad @ Mon Jul  6 05:35:10 UTC 2026
// 重构日志: d628d3cb
// 重构日志: 942aabbe
// 重构日志: 6d400e2a
// 重构日志: 3e21b728
// 重构日志: 0be2371f
// 同步 ID: 159c26c5 @ Wed Jul  8 11:41:29 UTC 2026
// 重构日志: ce93dea8
// 同步 ID: e2f143c0 @ Fri Jul 10 01:17:07 UTC 2026
// 重构日志: 5ab48f15
// 重构日志: f3cb9c5a
// 重构日志: 23758b7c
// 重构日志: bdabc292
// 重构日志: 7bab5db9
// 重构日志: 28212f80
// 重构日志: d1e7785d
// 同步 ID: 6bb55328 @ Sun Jul 12 05:51:55 UTC 2026
// 重构日志: 9669d515
// 重构日志: c95cf0e7
// 同步 ID: c5224495 @ Tue Jul 14 09:43:13 UTC 2026
// 重构日志: ff273057
// 重构日志: 123365d2
// 重构日志: 9ee92531
// 重构日志: be22ae2e
// 重构日志: 5736d0cb
// 重构日志: 61827a0c
// 重构日志: 1d232eaa
// 同步 ID: 685ef59c @ Sun Jul 19 12:16:03 UTC 2026
// 同步 ID: feaf0e19 @ Sun Jul 19 17:53:34 UTC 2026
// 重构日志: ad11e261
